10:49:33 [main] INFO  com.i2i.Client - MSISDN: 05398849442
10:49:33 [main] WARN  com.i2i.Client - Location: NORTHAMERICA
10:49:33 [main] ERROR com.i2i.Client - Service: SMS
10:49:33 [main] FATAL com.i2i.Client - Amount: 1
10:49:33 [main] INFO  com.i2i.Client - MSISDN: 05398849442
10:49:33 [main] WARN  com.i2i.Client - Location: TURKEY
10:49:33 [main] ERROR com.i2i.Client - Service: VOICE
10:49:33 [main] FATAL com.i2i.Client - Amount: 3013
10:49:34 [main] INFO  com.i2i.Client - MSISDN: 05398849442
10:49:34 [main] WARN  com.i2i.Client - Location: OTHER
10:49:34 [main] ERROR com.i2i.Client - Service: DATA
10:49:34 [main] FATAL com.i2i.Client - Amount: 618740077
10:49:35 [main] INFO  com.i2i.Client - MSISDN: 05398849442
10:49:35 [main] WARN  com.i2i.Client - Location: RUSSIA
10:49:35 [main] ERROR com.i2i.Client - Service: VOICE
10:49:35 [main] FATAL com.i2i.Client - Amount: 2994
10:49:36 [main] INFO  com.i2i.Client - MSISDN: 05398849442
10:49:36 [main] WARN  com.i2i.Client - Location: TURKEY
10:49:36 [main] ERROR com.i2i.Client - Service: VOICE
10:49:36 [main] FATAL com.i2i.Client - Amount: 3420
10:49:37 [main] INFO  com.i2i.Client - MSISDN: 05398849442
10:49:37 [main] WARN  com.i2i.Client - Location: TURKEY
10:49:37 [main] ERROR com.i2i.Client - Service: SMS
10:49:37 [main] FATAL com.i2i.Client - Amount: 1
10:49:38 [main] INFO  com.i2i.Client - MSISDN: 05398849442
10:49:38 [main] WARN  com.i2i.Client - Location: TURKEY
10:49:38 [main] ERROR com.i2i.Client - Service: DATA
10:49:38 [main] FATAL com.i2i.Client - Amount: 654420865
10:49:38 [main] INFO  com.i2i.Client - MSISDN: 05398849442
10:49:38 [main] WARN  com.i2i.Client - Location: TURKEY
10:49:38 [main] ERROR com.i2i.Client - Service: SMS
10:49:38 [main] FATAL com.i2i.Client - Amount: 1
10:49:39 [main] INFO  com.i2i.Client - MSISDN: 05398849442
10:49:39 [main] WARN  com.i2i.Client - Location: TURKEY
10:49:39 [main] ERROR com.i2i.Client - Service: DATA
10:49:39 [main] FATAL com.i2i.Client - Amount: 134177919
10:49:41 [main] INFO  com.i2i.Client - MSISDN: 05398849442
10:49:41 [main] WARN  com.i2i.Client - Location: TURKEY
10:49:41 [main] ERROR com.i2i.Client - Service: SMS
10:49:41 [main] FATAL com.i2i.Client - Amount: 1
10:49:42 [main] INFO  com.i2i.Client - MSISDN: 05398849442
10:49:42 [main] WARN  com.i2i.Client - Location: TURKEY
10:49:42 [main] ERROR com.i2i.Client - Service: VOICE
10:49:42 [main] FATAL com.i2i.Client - Amount: 919
10:49:43 [main] INFO  com.i2i.Client - MSISDN: 05398849442
10:49:43 [main] WARN  com.i2i.Client - Location: OTHER
10:49:43 [main] ERROR com.i2i.Client - Service: DATA
10:49:43 [main] FATAL com.i2i.Client - Amount: 892211030
10:49:43 [main] INFO  com.i2i.Client - MSISDN: 05398849442
10:49:43 [main] WARN  com.i2i.Client - Location: OTHER
10:49:43 [main] ERROR com.i2i.Client - Service: VOICE
10:49:43 [main] FATAL com.i2i.Client - Amount: 1618
10:49:44 [main] INFO  com.i2i.Client - MSISDN: 05398849442
10:49:44 [main] WARN  com.i2i.Client - Location: TURKEY
10:49:44 [main] ERROR com.i2i.Client - Service: VOICE
10:49:44 [main] FATAL com.i2i.Client - Amount: 228
10:49:44 [main] INFO  com.i2i.Client - MSISDN: 05398849442
10:49:44 [main] WARN  com.i2i.Client - Location: TURKEY
10:49:44 [main] ERROR com.i2i.Client - Service: DATA
10:49:44 [main] FATAL com.i2i.Client - Amount: 424192816
10:49:45 [main] INFO  com.i2i.Client - MSISDN: 05398849442
10:49:45 [main] WARN  com.i2i.Client - Location: EUROPE
10:49:45 [main] ERROR com.i2i.Client - Service: DATA
10:49:45 [main] FATAL com.i2i.Client - Amount: 797919475
10:49:46 [main] INFO  com.i2i.Client - MSISDN: 05398849442
10:49:46 [main] WARN  com.i2i.Client - Location: TURKEY
10:49:46 [main] ERROR com.i2i.Client - Service: SMS
10:49:46 [main] FATAL com.i2i.Client - Amount: 1
10:49:49 [main] INFO  com.i2i.Client - MSISDN: 05398849442
10:49:49 [main] WARN  com.i2i.Client - Location: TURKEY
10:49:49 [main] ERROR com.i2i.Client - Service: SMS
10:49:49 [main] FATAL com.i2i.Client - Amount: 1
10:49:50 [main] INFO  com.i2i.Client - MSISDN: 05398849442
10:49:50 [main] WARN  com.i2i.Client - Location: MIDDLEEAST
10:49:50 [main] ERROR com.i2i.Client - Service: VOICE
10:49:50 [main] FATAL com.i2i.Client - Amount: 3530
10:49:51 [main] INFO  com.i2i.Client - MSISDN: 05398849442
10:49:51 [main] WARN  com.i2i.Client - Location: TURKEY
10:49:51 [main] ERROR com.i2i.Client - Service: DATA
10:49:51 [main] FATAL com.i2i.Client - Amount: 713054433
10:49:51 [main] INFO  com.i2i.Client - MSISDN: 05398849442
10:49:51 [main] WARN  com.i2i.Client - Location: EUROPE
10:49:51 [main] ERROR com.i2i.Client - Service: SMS
10:49:51 [main] FATAL com.i2i.Client - Amount: 1
10:49:53 [main] INFO  com.i2i.Client - MSISDN: 05398849442
10:49:53 [main] WARN  com.i2i.Client - Location: TURKEY
10:49:53 [main] ERROR com.i2i.Client - Service: SMS
10:49:53 [main] FATAL com.i2i.Client - Amount: 1
10:49:53 [main] INFO  com.i2i.Client - MSISDN: 05398849442
10:49:53 [main] WARN  com.i2i.Client - Location: EUROPE
10:49:53 [main] ERROR com.i2i.Client - Service: VOICE
10:49:53 [main] FATAL com.i2i.Client - Amount: 358
10:49:54 [main] INFO  com.i2i.Client - MSISDN: 05398849442
10:49:54 [main] WARN  com.i2i.Client - Location: NORTHERNCYPRUS
10:49:54 [main] ERROR com.i2i.Client - Service: SMS
10:49:54 [main] FATAL com.i2i.Client - Amount: 1
10:49:54 [main] INFO  com.i2i.Client - MSISDN: 05398849442
10:49:54 [main] WARN  com.i2i.Client - Location: NORTHERNCYPRUS
10:49:54 [main] ERROR com.i2i.Client - Service: DATA
10:49:54 [main] FATAL com.i2i.Client - Amount: 999328874
10:49:55 [main] INFO  com.i2i.Client - MSISDN: 05398849442
10:49:55 [main] WARN  com.i2i.Client - Location: TURKEY
10:49:55 [main] ERROR com.i2i.Client - Service: VOICE
10:49:55 [main] FATAL com.i2i.Client - Amount: 2061
10:49:56 [main] INFO  com.i2i.Client - MSISDN: 05398849442
10:49:56 [main] WARN  com.i2i.Client - Location: TURKEY
10:49:56 [main] ERROR com.i2i.Client - Service: DATA
10:49:56 [main] FATAL com.i2i.Client - Amount: 1277338009
10:49:56 [main] INFO  com.i2i.Client - MSISDN: 05398849442
10:49:56 [main] WARN  com.i2i.Client - Location: NORTHAMERICA
10:49:56 [main] ERROR com.i2i.Client - Service: SMS
10:49:56 [main] FATAL com.i2i.Client - Amount: 1
10:50:00 [main] INFO  com.i2i.Client - MSISDN: 05398849442
10:50:00 [main] WARN  com.i2i.Client - Location: MIDDLEEAST
10:50:00 [main] ERROR com.i2i.Client - Service: VOICE
10:50:00 [main] FATAL com.i2i.Client - Amount: 306
10:50:03 [main] INFO  com.i2i.Client - MSISDN: 05398849442
10:50:03 [main] WARN  com.i2i.Client - Location: TURKEY
10:50:03 [main] ERROR com.i2i.Client - Service: DATA
10:50:03 [main] FATAL com.i2i.Client - Amount: 1282120760
10:50:04 [main] INFO  com.i2i.Client - MSISDN: 05398849442
10:50:04 [main] WARN  com.i2i.Client - Location: TURKEY
10:50:04 [main] ERROR com.i2i.Client - Service: DATA
10:50:04 [main] FATAL com.i2i.Client - Amount: 1275843167
10:50:04 [main] INFO  com.i2i.Client - MSISDN: 05398849442
10:50:04 [main] WARN  com.i2i.Client - Location: TURKEY
10:50:04 [main] ERROR com.i2i.Client - Service: VOICE
10:50:04 [main] FATAL com.i2i.Client - Amount: 1310
10:50:05 [main] INFO  com.i2i.Client - MSISDN: 05398849442
10:50:05 [main] WARN  com.i2i.Client - Location: TURKEY
10:50:05 [main] ERROR com.i2i.Client - Service: SMS
10:50:05 [main] FATAL com.i2i.Client - Amount: 1
10:50:08 [main] INFO  com.i2i.Client - MSISDN: 05398849442
10:50:08 [main] WARN  com.i2i.Client - Location: TURKEY
10:50:08 [main] ERROR com.i2i.Client - Service: DATA
10:50:08 [main] FATAL com.i2i.Client - Amount: 510559768
10:50:08 [main] INFO  com.i2i.Client - MSISDN: 05398849442
10:50:08 [main] WARN  com.i2i.Client - Location: TURKEY
10:50:08 [main] ERROR com.i2i.Client - Service: VOICE
10:50:08 [main] FATAL com.i2i.Client - Amount: 557
10:50:08 [main] INFO  com.i2i.Client - MSISDN: 05398849442
10:50:08 [main] WARN  com.i2i.Client - Location: EUROPE
10:50:08 [main] ERROR com.i2i.Client - Service: SMS
10:50:08 [main] FATAL com.i2i.Client - Amount: 1
10:50:09 [main] INFO  com.i2i.Client - MSISDN: 05398849442
10:50:09 [main] WARN  com.i2i.Client - Location: TURKEY
10:50:09 [main] ERROR com.i2i.Client - Service: VOICE
10:50:09 [main] FATAL com.i2i.Client - Amount: 2813
10:50:10 [main] INFO  com.i2i.Client - MSISDN: 05398849442
10:50:10 [main] WARN  com.i2i.Client - Location: TURKEY
10:50:10 [main] ERROR com.i2i.Client - Service: VOICE
10:50:10 [main] FATAL com.i2i.Client - Amount: 3466
10:50:11 [main] INFO  com.i2i.Client - MSISDN: 05398849442
10:50:11 [main] WARN  com.i2i.Client - Location: EUROPE
10:50:11 [main] ERROR com.i2i.Client - Service: DATA
10:50:11 [main] FATAL com.i2i.Client - Amount: 768716350
10:50:13 [main] INFO  com.i2i.Client - MSISDN: 05398849442
10:50:13 [main] WARN  com.i2i.Client - Location: TURKEY
10:50:13 [main] ERROR com.i2i.Client - Service: VOICE
10:50:13 [main] FATAL com.i2i.Client - Amount: 1123
10:50:13 [main] INFO  com.i2i.Client - MSISDN: 05398849442
10:50:13 [main] WARN  com.i2i.Client - Location: TURKEY
10:50:13 [main] ERROR com.i2i.Client - Service: VOICE
10:50:13 [main] FATAL com.i2i.Client - Amount: 2618
10:50:14 [main] INFO  com.i2i.Client - MSISDN: 05398849442
10:50:14 [main] WARN  com.i2i.Client - Location: TURKEY
10:50:14 [main] ERROR com.i2i.Client - Service: DATA
10:50:14 [main] FATAL com.i2i.Client - Amount: 234285920
10:50:14 [main] INFO  com.i2i.Client - MSISDN: 05398849442
10:50:14 [main] WARN  com.i2i.Client - Location: TURKEY
10:50:14 [main] ERROR com.i2i.Client - Service: VOICE
10:50:14 [main] FATAL com.i2i.Client - Amount: 317
10:50:16 [main] INFO  com.i2i.Client - MSISDN: 05398849442
10:50:16 [main] WARN  com.i2i.Client - Location: TURKEY
10:50:16 [main] ERROR com.i2i.Client - Service: DATA
10:50:16 [main] FATAL com.i2i.Client - Amount: 151035584
10:50:18 [main] INFO  com.i2i.Client - MSISDN: 05398849442
10:50:18 [main] WARN  com.i2i.Client - Location: TURKEY
10:50:18 [main] ERROR com.i2i.Client - Service: DATA
10:50:18 [main] FATAL com.i2i.Client - Amount: 804514307
10:50:19 [main] INFO  com.i2i.Client - MSISDN: 05398849442
10:50:19 [main] WARN  com.i2i.Client - Location: TURKEY
10:50:19 [main] ERROR com.i2i.Client - Service: SMS
10:50:19 [main] FATAL com.i2i.Client - Amount: 1
10:50:20 [main] INFO  com.i2i.Client - MSISDN: 05398849442
10:50:20 [main] WARN  com.i2i.Client - Location: TURKEY
10:50:20 [main] ERROR com.i2i.Client - Service: SMS
10:50:20 [main] FATAL com.i2i.Client - Amount: 1
10:50:21 [main] INFO  com.i2i.Client - MSISDN: 05398849442
10:50:21 [main] WARN  com.i2i.Client - Location: TURKEY
10:50:21 [main] ERROR com.i2i.Client - Service: VOICE
10:50:21 [main] FATAL com.i2i.Client - Amount: 1253
10:50:23 [main] INFO  com.i2i.Client - MSISDN: 05398849442
10:50:23 [main] WARN  com.i2i.Client - Location: MIDDLEEAST
10:50:23 [main] ERROR com.i2i.Client - Service: SMS
10:50:23 [main] FATAL com.i2i.Client - Amount: 1
10:50:24 [main] INFO  com.i2i.Client - MSISDN: 05398849442
10:50:24 [main] WARN  com.i2i.Client - Location: TURKEY
10:50:24 [main] ERROR com.i2i.Client - Service: DATA
10:50:24 [main] FATAL com.i2i.Client - Amount: 932104640
10:50:24 [main] INFO  com.i2i.Client - MSISDN: 05398849442
10:50:24 [main] WARN  com.i2i.Client - Location: TURKEY
10:50:24 [main] ERROR com.i2i.Client - Service: VOICE
10:50:24 [main] FATAL com.i2i.Client - Amount: 397
10:50:24 [main] INFO  com.i2i.Client - MSISDN: 05398849442
10:50:24 [main] WARN  com.i2i.Client - Location: TURKEY
10:50:24 [main] ERROR com.i2i.Client - Service: DATA
10:50:24 [main] FATAL com.i2i.Client - Amount: 315021609
10:50:26 [main] INFO  com.i2i.Client - MSISDN: 05398849442
10:50:26 [main] WARN  com.i2i.Client - Location: NORTHAMERICA
10:50:26 [main] ERROR com.i2i.Client - Service: VOICE
10:50:26 [main] FATAL com.i2i.Client - Amount: 3431
10:50:27 [main] INFO  com.i2i.Client - MSISDN: 05398849442
10:50:27 [main] WARN  com.i2i.Client - Location: OTHER
10:50:27 [main] ERROR com.i2i.Client - Service: VOICE
10:50:27 [main] FATAL com.i2i.Client - Amount: 2898
10:50:28 [main] INFO  com.i2i.Client - MSISDN: 05398849442
10:50:28 [main] WARN  com.i2i.Client - Location: EUROPE
10:50:28 [main] ERROR com.i2i.Client - Service: VOICE
10:50:28 [main] FATAL com.i2i.Client - Amount: 305
10:50:29 [main] INFO  com.i2i.Client - MSISDN: 05398849442
10:50:29 [main] WARN  com.i2i.Client - Location: MIDDLEEAST
10:50:29 [main] ERROR com.i2i.Client - Service: DATA
10:50:29 [main] FATAL com.i2i.Client - Amount: 1271332127
10:50:31 [main] INFO  com.i2i.Client - MSISDN: 05398849442
10:50:31 [main] WARN  com.i2i.Client - Location: TURKEY
10:50:31 [main] ERROR com.i2i.Client - Service: SMS
10:50:31 [main] FATAL com.i2i.Client - Amount: 1
10:50:32 [main] INFO  com.i2i.Client - MSISDN: 05398849442
10:50:32 [main] WARN  com.i2i.Client - Location: TURKEY
10:50:32 [main] ERROR com.i2i.Client - Service: VOICE
10:50:32 [main] FATAL com.i2i.Client - Amount: 3539
10:50:32 [main] INFO  com.i2i.Client - MSISDN: 05398849442
10:50:32 [main] WARN  com.i2i.Client - Location: TURKEY
10:50:32 [main] ERROR com.i2i.Client - Service: DATA
10:50:32 [main] FATAL com.i2i.Client - Amount: 347988482
10:50:33 [main] INFO  com.i2i.Client - MSISDN: 05398849442
10:50:33 [main] WARN  com.i2i.Client - Location: NORTHERNCYPRUS
10:50:33 [main] ERROR com.i2i.Client - Service: VOICE
10:50:33 [main] FATAL com.i2i.Client - Amount: 1326
10:50:33 [main] INFO  com.i2i.Client - MSISDN: 05398849442
10:50:33 [main] WARN  com.i2i.Client - Location: TURKEY
10:50:33 [main] ERROR com.i2i.Client - Service: SMS
10:50:33 [main] FATAL com.i2i.Client - Amount: 1
10:50:34 [main] INFO  com.i2i.Client - MSISDN: 05398849442
10:50:34 [main] WARN  com.i2i.Client - Location: TURKEY
10:50:34 [main] ERROR com.i2i.Client - Service: DATA
10:50:34 [main] FATAL com.i2i.Client - Amount: 571846265
10:50:34 [main] INFO  com.i2i.Client - MSISDN: 05398849442
10:50:34 [main] WARN  com.i2i.Client - Location: OTHER
10:50:34 [main] ERROR com.i2i.Client - Service: DATA
10:50:34 [main] FATAL com.i2i.Client - Amount: 567967161
10:50:36 [main] INFO  com.i2i.Client - MSISDN: 05398849442
10:50:36 [main] WARN  com.i2i.Client - Location: TURKEY
10:50:36 [main] ERROR com.i2i.Client - Service: SMS
10:50:36 [main] FATAL com.i2i.Client - Amount: 1
10:50:36 [main] INFO  com.i2i.Client - MSISDN: 05398849442
10:50:36 [main] WARN  com.i2i.Client - Location: TURKEY
10:50:36 [main] ERROR com.i2i.Client - Service: VOICE
10:50:36 [main] FATAL com.i2i.Client - Amount: 114
10:50:41 [main] INFO  com.i2i.Client - MSISDN: 05398849442
10:50:41 [main] WARN  com.i2i.Client - Location: TURKEY
10:50:41 [main] ERROR com.i2i.Client - Service: DATA
10:50:41 [main] FATAL com.i2i.Client - Amount: 940180990
10:50:42 [main] INFO  com.i2i.Client - MSISDN: 05398849442
10:50:42 [main] WARN  com.i2i.Client - Location: TURKEY
10:50:42 [main] ERROR com.i2i.Client - Service: DATA
10:50:42 [main] FATAL com.i2i.Client - Amount: 550343685
10:50:42 [main] INFO  com.i2i.Client - MSISDN: 05398849442
10:50:42 [main] WARN  com.i2i.Client - Location: OTHER
10:50:42 [main] ERROR com.i2i.Client - Service: DATA
10:50:42 [main] FATAL com.i2i.Client - Amount: 308105318
10:50:43 [main] INFO  com.i2i.Client - MSISDN: 05398849442
10:50:43 [main] WARN  com.i2i.Client - Location: MIDDLEEAST
10:50:43 [main] ERROR com.i2i.Client - Service: DATA
10:50:43 [main] FATAL com.i2i.Client - Amount: 120556946
10:50:44 [main] INFO  com.i2i.Client - MSISDN: 05398849442
10:50:44 [main] WARN  com.i2i.Client - Location: TURKEY
10:50:44 [main] ERROR com.i2i.Client - Service: DATA
10:50:44 [main] FATAL com.i2i.Client - Amount: 1015442481
10:50:45 [main] INFO  com.i2i.Client - MSISDN: 05398849442
10:50:45 [main] WARN  com.i2i.Client - Location: TURKEY
10:50:45 [main] ERROR com.i2i.Client - Service: DATA
10:50:45 [main] FATAL com.i2i.Client - Amount: 1167425761
10:50:46 [main] INFO  com.i2i.Client - MSISDN: 05398849442
10:50:46 [main] WARN  com.i2i.Client - Location: RUSSIA
10:50:46 [main] ERROR com.i2i.Client - Service: VOICE
10:50:46 [main] FATAL com.i2i.Client - Amount: 1712
10:50:46 [main] INFO  com.i2i.Client - MSISDN: 05398849442
10:50:46 [main] WARN  com.i2i.Client - Location: TURKEY
10:50:46 [main] ERROR com.i2i.Client - Service: DATA
10:50:46 [main] FATAL com.i2i.Client - Amount: 319880413
10:50:47 [main] INFO  com.i2i.Client - MSISDN: 05398849442
10:50:47 [main] WARN  com.i2i.Client - Location: TURKEY
10:50:47 [main] ERROR com.i2i.Client - Service: VOICE
10:50:47 [main] FATAL com.i2i.Client - Amount: 408
10:50:47 [main] INFO  com.i2i.Client - MSISDN: 05398849442
10:50:47 [main] WARN  com.i2i.Client - Location: EUROPE
10:50:47 [main] ERROR com.i2i.Client - Service: DATA
10:50:47 [main] FATAL com.i2i.Client - Amount: 118449019
10:50:50 [main] INFO  com.i2i.Client - MSISDN: 05398849442
10:50:50 [main] WARN  com.i2i.Client - Location: TURKEY
10:50:50 [main] ERROR com.i2i.Client - Service: VOICE
10:50:50 [main] FATAL com.i2i.Client - Amount: 2493
10:50:50 [main] INFO  com.i2i.Client - MSISDN: 05398849442
10:50:50 [main] WARN  com.i2i.Client - Location: NORTHAMERICA
10:50:50 [main] ERROR com.i2i.Client - Service: VOICE
10:50:50 [main] FATAL com.i2i.Client - Amount: 1390
10:50:50 [main] INFO  com.i2i.Client - MSISDN: 05398849442
10:50:50 [main] WARN  com.i2i.Client - Location: TURKEY
10:50:50 [main] ERROR com.i2i.Client - Service: SMS
10:50:50 [main] FATAL com.i2i.Client - Amount: 1
10:50:50 [main] INFO  com.i2i.Client - MSISDN: 05398849442
10:50:50 [main] WARN  com.i2i.Client - Location: TURKEY
10:50:50 [main] ERROR com.i2i.Client - Service: VOICE
10:50:50 [main] FATAL com.i2i.Client - Amount: 1113
10:50:50 [main] INFO  com.i2i.Client - MSISDN: 05398849442
10:50:50 [main] WARN  com.i2i.Client - Location: TURKEY
10:50:50 [main] ERROR com.i2i.Client - Service: SMS
10:50:50 [main] FATAL com.i2i.Client - Amount: 1
10:50:51 [main] INFO  com.i2i.Client - MSISDN: 05398849442
10:50:51 [main] WARN  com.i2i.Client - Location: TURKEY
10:50:51 [main] ERROR com.i2i.Client - Service: SMS
10:50:51 [main] FATAL com.i2i.Client - Amount: 1
10:50:51 [main] INFO  com.i2i.Client - MSISDN: 05398849442
10:50:51 [main] WARN  com.i2i.Client - Location: TURKEY
10:50:51 [main] ERROR com.i2i.Client - Service: SMS
10:50:51 [main] FATAL com.i2i.Client - Amount: 1
10:50:52 [main] INFO  com.i2i.Client - MSISDN: 05398849442
10:50:52 [main] WARN  com.i2i.Client - Location: TURKEY
10:50:52 [main] ERROR com.i2i.Client - Service: SMS
10:50:52 [main] FATAL com.i2i.Client - Amount: 1
10:50:55 [main] INFO  com.i2i.Client - MSISDN: 05398849442
10:50:55 [main] WARN  com.i2i.Client - Location: TURKEY
10:50:55 [main] ERROR com.i2i.Client - Service: VOICE
10:50:55 [main] FATAL com.i2i.Client - Amount: 992
10:50:56 [main] INFO  com.i2i.Client - MSISDN: 05398849442
10:50:56 [main] WARN  com.i2i.Client - Location: MIDDLEEAST
10:50:56 [main] ERROR com.i2i.Client - Service: DATA
10:50:56 [main] FATAL com.i2i.Client - Amount: 1164113625
10:50:56 [main] INFO  com.i2i.Client - MSISDN: 05398849442
10:50:56 [main] WARN  com.i2i.Client - Location: NORTHERNCYPRUS
10:50:56 [main] ERROR com.i2i.Client - Service: DATA
10:50:56 [main] FATAL com.i2i.Client - Amount: 1202844791
10:50:57 [main] INFO  com.i2i.Client - MSISDN: 05398849442
10:50:57 [main] WARN  com.i2i.Client - Location: NORTHERNCYPRUS
10:50:57 [main] ERROR com.i2i.Client - Service: VOICE
10:50:57 [main] FATAL com.i2i.Client - Amount: 20
