11:24:43 [main] INFO  com.i2i.Client - MSISDN: 05398849442
11:24:43 [main] WARN  com.i2i.Client - Location: OTHER
11:24:43 [main] ERROR com.i2i.Client - Service: SMS
11:24:43 [main] FATAL com.i2i.Client - Amount: 1
11:24:43 [main] INFO  com.i2i.Client - MSISDN: 05398849442
11:24:43 [main] WARN  com.i2i.Client - Location: TURKEY
11:24:43 [main] ERROR com.i2i.Client - Service: DATA
11:24:43 [main] FATAL com.i2i.Client - Amount: 978037596
11:24:45 [main] INFO  com.i2i.Client - MSISDN: 05398849442
11:24:45 [main] WARN  com.i2i.Client - Location: NORTHAMERICA
11:24:45 [main] ERROR com.i2i.Client - Service: SMS
11:24:45 [main] FATAL com.i2i.Client - Amount: 1
11:24:47 [main] INFO  com.i2i.Client - MSISDN: 05398849442
11:24:47 [main] WARN  com.i2i.Client - Location: TURKEY
11:24:47 [main] ERROR com.i2i.Client - Service: SMS
11:24:47 [main] FATAL com.i2i.Client - Amount: 1
11:24:47 [main] INFO  com.i2i.Client - MSISDN: 05398849442
11:24:47 [main] WARN  com.i2i.Client - Location: OTHER
11:24:47 [main] ERROR com.i2i.Client - Service: DATA
11:24:47 [main] FATAL com.i2i.Client - Amount: 879651056
11:24:48 [main] INFO  com.i2i.Client - MSISDN: 05398849442
11:24:48 [main] WARN  com.i2i.Client - Location: RUSSIA
11:24:48 [main] ERROR com.i2i.Client - Service: DATA
11:24:48 [main] FATAL com.i2i.Client - Amount: 1229930741
11:24:50 [main] INFO  com.i2i.Client - MSISDN: 05398849442
11:24:50 [main] WARN  com.i2i.Client - Location: TURKEY
11:24:50 [main] ERROR com.i2i.Client - Service: SMS
11:24:50 [main] FATAL com.i2i.Client - Amount: 1
11:24:51 [main] INFO  com.i2i.Client - MSISDN: 05398849442
11:24:51 [main] WARN  com.i2i.Client - Location: EUROPE
11:24:51 [main] ERROR com.i2i.Client - Service: SMS
11:24:51 [main] FATAL com.i2i.Client - Amount: 1
11:24:52 [main] INFO  com.i2i.Client - MSISDN: 05398849442
11:24:52 [main] WARN  com.i2i.Client - Location: OTHER
11:24:52 [main] ERROR com.i2i.Client - Service: SMS
11:24:52 [main] FATAL com.i2i.Client - Amount: 1
11:24:53 [main] INFO  com.i2i.Client - MSISDN: 05398849442
11:24:53 [main] WARN  com.i2i.Client - Location: NORTHERNCYPRUS
11:24:53 [main] ERROR com.i2i.Client - Service: DATA
11:24:53 [main] FATAL com.i2i.Client - Amount: 1241000031
11:24:55 [main] INFO  com.i2i.Client - MSISDN: 05398849442
11:24:55 [main] WARN  com.i2i.Client - Location: OTHER
11:24:55 [main] ERROR com.i2i.Client - Service: DATA
11:24:55 [main] FATAL com.i2i.Client - Amount: 1078606420
11:24:56 [main] INFO  com.i2i.Client - MSISDN: 05398849442
11:24:56 [main] WARN  com.i2i.Client - Location: TURKEY
11:24:56 [main] ERROR com.i2i.Client - Service: SMS
11:24:56 [main] FATAL com.i2i.Client - Amount: 1
