11:13:37 [main] INFO  com.i2i.Client - MSISDN: 05398849442
11:13:37 [main] WARN  com.i2i.Client - Location: OTHER
11:13:37 [main] ERROR com.i2i.Client - Service: DATA
11:13:37 [main] FATAL com.i2i.Client - Amount: 490554040
11:13:38 [main] INFO  com.i2i.Client - MSISDN: 05398849442
11:13:38 [main] WARN  com.i2i.Client - Location: MIDDLEEAST
11:13:38 [main] ERROR com.i2i.Client - Service: VOICE
11:13:38 [main] FATAL com.i2i.Client - Amount: 134
11:13:39 [main] INFO  com.i2i.Client - MSISDN: 05398849442
11:13:39 [main] WARN  com.i2i.Client - Location: TURKEY
11:13:39 [main] ERROR com.i2i.Client - Service: SMS
11:13:39 [main] FATAL com.i2i.Client - Amount: 1
11:13:39 [main] INFO  com.i2i.Client - MSISDN: 05398849442
11:13:39 [main] WARN  com.i2i.Client - Location: TURKEY
11:13:39 [main] ERROR com.i2i.Client - Service: DATA
11:13:39 [main] FATAL com.i2i.Client - Amount: 779760827
11:13:39 [main] INFO  com.i2i.Client - MSISDN: 05398849442
11:13:39 [main] WARN  com.i2i.Client - Location: TURKEY
11:13:39 [main] ERROR com.i2i.Client - Service: DATA
11:13:39 [main] FATAL com.i2i.Client - Amount: 957531993
11:13:41 [main] INFO  com.i2i.Client - MSISDN: 05398849442
11:13:41 [main] WARN  com.i2i.Client - Location: EUROPE
11:13:41 [main] ERROR com.i2i.Client - Service: VOICE
11:13:41 [main] FATAL com.i2i.Client - Amount: 1341
11:13:41 [main] INFO  com.i2i.Client - MSISDN: 05398849442
11:13:41 [main] WARN  com.i2i.Client - Location: TURKEY
11:13:41 [main] ERROR com.i2i.Client - Service: SMS
11:13:41 [main] FATAL com.i2i.Client - Amount: 1
11:13:42 [main] INFO  com.i2i.Client - MSISDN: 05398849442
11:13:42 [main] WARN  com.i2i.Client - Location: NORTHERNCYPRUS
11:13:42 [main] ERROR com.i2i.Client - Service: DATA
11:13:42 [main] FATAL com.i2i.Client - Amount: 171781745
11:13:43 [main] INFO  com.i2i.Client - MSISDN: 05398849442
11:13:43 [main] WARN  com.i2i.Client - Location: EUROPE
11:13:43 [main] ERROR com.i2i.Client - Service: SMS
11:13:43 [main] FATAL com.i2i.Client - Amount: 1
11:13:44 [main] INFO  com.i2i.Client - MSISDN: 05398849442
11:13:44 [main] WARN  com.i2i.Client - Location: NORTHAMERICA
11:13:44 [main] ERROR com.i2i.Client - Service: VOICE
11:13:44 [main] FATAL com.i2i.Client - Amount: 938
11:13:45 [main] INFO  com.i2i.Client - MSISDN: 05398849442
11:13:45 [main] WARN  com.i2i.Client - Location: TURKEY
11:13:45 [main] ERROR com.i2i.Client - Service: SMS
11:13:45 [main] FATAL com.i2i.Client - Amount: 1
11:13:45 [main] INFO  com.i2i.Client - MSISDN: 05398849442
11:13:45 [main] WARN  com.i2i.Client - Location: TURKEY
11:13:45 [main] ERROR com.i2i.Client - Service: DATA
11:13:45 [main] FATAL com.i2i.Client - Amount: 865308040
11:13:46 [main] INFO  com.i2i.Client - MSISDN: 05398849442
11:13:46 [main] WARN  com.i2i.Client - Location: TURKEY
11:13:46 [main] ERROR com.i2i.Client - Service: VOICE
11:13:46 [main] FATAL com.i2i.Client - Amount: 2735
11:13:47 [main] INFO  com.i2i.Client - MSISDN: 05398849442
11:13:47 [main] WARN  com.i2i.Client - Location: NORTHERNCYPRUS
11:13:47 [main] ERROR com.i2i.Client - Service: VOICE
11:13:47 [main] FATAL com.i2i.Client - Amount: 933
11:13:48 [main] INFO  com.i2i.Client - MSISDN: 05398849442
11:13:48 [main] WARN  com.i2i.Client - Location: OTHER
11:13:48 [main] ERROR com.i2i.Client - Service: SMS
11:13:48 [main] FATAL com.i2i.Client - Amount: 1
11:13:49 [main] INFO  com.i2i.Client - MSISDN: 05398849442
11:13:49 [main] WARN  com.i2i.Client - Location: TURKEY
11:13:49 [main] ERROR com.i2i.Client - Service: VOICE
11:13:49 [main] FATAL com.i2i.Client - Amount: 3363
11:13:49 [main] INFO  com.i2i.Client - MSISDN: 05398849442
11:13:49 [main] WARN  com.i2i.Client - Location: TURKEY
11:13:49 [main] ERROR com.i2i.Client - Service: SMS
11:13:49 [main] FATAL com.i2i.Client - Amount: 1
11:13:50 [main] INFO  com.i2i.Client - MSISDN: 05398849442
11:13:50 [main] WARN  com.i2i.Client - Location: TURKEY
11:13:50 [main] ERROR com.i2i.Client - Service: SMS
11:13:50 [main] FATAL com.i2i.Client - Amount: 1
11:13:51 [main] INFO  com.i2i.Client - MSISDN: 05398849442
11:13:51 [main] WARN  com.i2i.Client - Location: TURKEY
11:13:51 [main] ERROR com.i2i.Client - Service: DATA
11:13:51 [main] FATAL com.i2i.Client - Amount: 897630204
11:13:52 [main] INFO  com.i2i.Client - MSISDN: 05398849442
11:13:52 [main] WARN  com.i2i.Client - Location: TURKEY
11:13:52 [main] ERROR com.i2i.Client - Service: VOICE
11:13:52 [main] FATAL com.i2i.Client - Amount: 2390
11:13:52 [main] INFO  com.i2i.Client - MSISDN: 05398849442
11:13:52 [main] WARN  com.i2i.Client - Location: NORTHAMERICA
11:13:52 [main] ERROR com.i2i.Client - Service: DATA
11:13:52 [main] FATAL com.i2i.Client - Amount: 1094499209
11:13:53 [main] INFO  com.i2i.Client - MSISDN: 05398849442
11:13:53 [main] WARN  com.i2i.Client - Location: TURKEY
11:13:53 [main] ERROR com.i2i.Client - Service: DATA
11:13:53 [main] FATAL com.i2i.Client - Amount: 1090876108
11:13:54 [main] INFO  com.i2i.Client - MSISDN: 05398849442
11:13:54 [main] WARN  com.i2i.Client - Location: TURKEY
11:13:54 [main] ERROR com.i2i.Client - Service: VOICE
11:13:54 [main] FATAL com.i2i.Client - Amount: 1459
11:13:57 [main] INFO  com.i2i.Client - MSISDN: 05398849442
11:13:57 [main] WARN  com.i2i.Client - Location: TURKEY
11:13:57 [main] ERROR com.i2i.Client - Service: DATA
11:13:57 [main] FATAL com.i2i.Client - Amount: 1245086162
11:13:58 [main] INFO  com.i2i.Client - MSISDN: 05398849442
11:13:58 [main] WARN  com.i2i.Client - Location: TURKEY
11:13:58 [main] ERROR com.i2i.Client - Service: SMS
11:13:58 [main] FATAL com.i2i.Client - Amount: 1
11:13:58 [main] INFO  com.i2i.Client - MSISDN: 05398849442
11:13:58 [main] WARN  com.i2i.Client - Location: TURKEY
11:13:58 [main] ERROR com.i2i.Client - Service: SMS
11:13:58 [main] FATAL com.i2i.Client - Amount: 1
11:13:58 [main] INFO  com.i2i.Client - MSISDN: 05398849442
11:13:58 [main] WARN  com.i2i.Client - Location: NORTHAMERICA
11:13:58 [main] ERROR com.i2i.Client - Service: VOICE
11:13:58 [main] FATAL com.i2i.Client - Amount: 2329
11:13:58 [main] INFO  com.i2i.Client - MSISDN: 05398849442
11:13:58 [main] WARN  com.i2i.Client - Location: TURKEY
11:13:58 [main] ERROR com.i2i.Client - Service: DATA
11:13:58 [main] FATAL com.i2i.Client - Amount: 203993764
11:13:59 [main] INFO  com.i2i.Client - MSISDN: 05398849442
11:13:59 [main] WARN  com.i2i.Client - Location: TURKEY
11:13:59 [main] ERROR com.i2i.Client - Service: VOICE
11:13:59 [main] FATAL com.i2i.Client - Amount: 1398
11:13:59 [main] INFO  com.i2i.Client - MSISDN: 05398849442
11:13:59 [main] WARN  com.i2i.Client - Location: TURKEY
11:13:59 [main] ERROR com.i2i.Client - Service: SMS
11:13:59 [main] FATAL com.i2i.Client - Amount: 1
11:14:00 [main] INFO  com.i2i.Client - MSISDN: 05398849442
11:14:00 [main] WARN  com.i2i.Client - Location: TURKEY
11:14:00 [main] ERROR com.i2i.Client - Service: DATA
11:14:00 [main] FATAL com.i2i.Client - Amount: 183467305
11:14:01 [main] INFO  com.i2i.Client - MSISDN: 05398849442
11:14:01 [main] WARN  com.i2i.Client - Location: NORTHAMERICA
11:14:01 [main] ERROR com.i2i.Client - Service: DATA
11:14:01 [main] FATAL com.i2i.Client - Amount: 620877686
11:14:02 [main] INFO  com.i2i.Client - MSISDN: 05398849442
11:14:02 [main] WARN  com.i2i.Client - Location: TURKEY
11:14:02 [main] ERROR com.i2i.Client - Service: SMS
11:14:02 [main] FATAL com.i2i.Client - Amount: 1
11:14:03 [main] INFO  com.i2i.Client - MSISDN: 05398849442
11:14:03 [main] WARN  com.i2i.Client - Location: NORTHERNCYPRUS
11:14:03 [main] ERROR com.i2i.Client - Service: VOICE
11:14:03 [main] FATAL com.i2i.Client - Amount: 616
11:14:03 [main] INFO  com.i2i.Client - MSISDN: 05398849442
11:14:03 [main] WARN  com.i2i.Client - Location: RUSSIA
11:14:03 [main] ERROR com.i2i.Client - Service: SMS
11:14:03 [main] FATAL com.i2i.Client - Amount: 1
