11:15:29 [main] INFO  com.i2i.Client - MSISDN: 05398849442
11:15:29 [main] WARN  com.i2i.Client - Location: MIDDLEEAST
11:15:29 [main] ERROR com.i2i.Client - Service: SMS
11:15:29 [main] FATAL com.i2i.Client - Amount: 1
11:15:31 [main] INFO  com.i2i.Client - MSISDN: 05398849442
11:15:31 [main] WARN  com.i2i.Client - Location: TURKEY
11:15:31 [main] ERROR com.i2i.Client - Service: SMS
11:15:31 [main] FATAL com.i2i.Client - Amount: 1
11:15:31 [main] INFO  com.i2i.Client - MSISDN: 05398849442
11:15:31 [main] WARN  com.i2i.Client - Location: MIDDLEEAST
11:15:31 [main] ERROR com.i2i.Client - Service: DATA
11:15:31 [main] FATAL com.i2i.Client - Amount: 329565026
11:15:31 [main] INFO  com.i2i.Client - MSISDN: 05398849442
11:15:31 [main] WARN  com.i2i.Client - Location: TURKEY
11:15:31 [main] ERROR com.i2i.Client - Service: DATA
11:15:31 [main] FATAL com.i2i.Client - Amount: 670306921
11:15:32 [main] INFO  com.i2i.Client - MSISDN: 05398849442
11:15:32 [main] WARN  com.i2i.Client - Location: TURKEY
11:15:32 [main] ERROR com.i2i.Client - Service: VOICE
11:15:32 [main] FATAL com.i2i.Client - Amount: 1802
11:15:33 [main] INFO  com.i2i.Client - MSISDN: 05398849442
11:15:33 [main] WARN  com.i2i.Client - Location: TURKEY
11:15:33 [main] ERROR com.i2i.Client - Service: SMS
11:15:33 [main] FATAL com.i2i.Client - Amount: 1
11:15:33 [main] INFO  com.i2i.Client - MSISDN: 05398849442
11:15:33 [main] WARN  com.i2i.Client - Location: TURKEY
11:15:33 [main] ERROR com.i2i.Client - Service: VOICE
11:15:33 [main] FATAL com.i2i.Client - Amount: 250
11:15:34 [main] INFO  com.i2i.Client - MSISDN: 05398849442
11:15:34 [main] WARN  com.i2i.Client - Location: OTHER
11:15:34 [main] ERROR com.i2i.Client - Service: SMS
11:15:34 [main] FATAL com.i2i.Client - Amount: 1
11:15:34 [main] INFO  com.i2i.Client - MSISDN: 05398849442
11:15:34 [main] WARN  com.i2i.Client - Location: TURKEY
11:15:34 [main] ERROR com.i2i.Client - Service: SMS
11:15:34 [main] FATAL com.i2i.Client - Amount: 1
11:15:35 [main] INFO  com.i2i.Client - MSISDN: 05398849442
11:15:35 [main] WARN  com.i2i.Client - Location: MIDDLEEAST
11:15:35 [main] ERROR com.i2i.Client - Service: SMS
11:15:35 [main] FATAL com.i2i.Client - Amount: 1
11:15:35 [main] INFO  com.i2i.Client - MSISDN: 05398849442
11:15:35 [main] WARN  com.i2i.Client - Location: TURKEY
11:15:35 [main] ERROR com.i2i.Client - Service: DATA
11:15:35 [main] FATAL com.i2i.Client - Amount: 778822534
11:15:36 [main] INFO  com.i2i.Client - MSISDN: 05398849442
11:15:36 [main] WARN  com.i2i.Client - Location: TURKEY
11:15:36 [main] ERROR com.i2i.Client - Service: VOICE
11:15:36 [main] FATAL com.i2i.Client - Amount: 2727
