11:14:44 [main] INFO  com.i2i.Client - MSISDN: 05398849442
11:14:44 [main] WARN  com.i2i.Client - Location: TURKEY
11:14:44 [main] ERROR com.i2i.Client - Service: VOICE
11:14:44 [main] FATAL com.i2i.Client - Amount: 577
11:14:45 [main] INFO  com.i2i.Client - MSISDN: 05398849442
11:14:45 [main] WARN  com.i2i.Client - Location: TURKEY
11:14:45 [main] ERROR com.i2i.Client - Service: DATA
11:14:45 [main] FATAL com.i2i.Client - Amount: 45137774
11:14:46 [main] INFO  com.i2i.Client - MSISDN: 05398849442
11:14:46 [main] WARN  com.i2i.Client - Location: OTHER
11:14:46 [main] ERROR com.i2i.Client - Service: SMS
11:14:46 [main] FATAL com.i2i.Client - Amount: 1
11:14:46 [main] INFO  com.i2i.Client - MSISDN: 05398849442
11:14:46 [main] WARN  com.i2i.Client - Location: TURKEY
11:14:46 [main] ERROR com.i2i.Client - Service: DATA
11:14:46 [main] FATAL com.i2i.Client - Amount: 1135729577
11:14:46 [main] INFO  com.i2i.Client - MSISDN: 05398849442
11:14:46 [main] WARN  com.i2i.Client - Location: TURKEY
11:14:46 [main] ERROR com.i2i.Client - Service: VOICE
11:14:46 [main] FATAL com.i2i.Client - Amount: 1423
11:14:47 [main] INFO  com.i2i.Client - MSISDN: 05398849442
11:14:47 [main] WARN  com.i2i.Client - Location: MIDDLEEAST
11:14:47 [main] ERROR com.i2i.Client - Service: DATA
11:14:47 [main] FATAL com.i2i.Client - Amount: 1164670500
11:14:49 [main] INFO  com.i2i.Client - MSISDN: 05398849442
11:14:49 [main] WARN  com.i2i.Client - Location: TURKEY
11:14:49 [main] ERROR com.i2i.Client - Service: VOICE
11:14:49 [main] FATAL com.i2i.Client - Amount: 2904
11:14:50 [main] INFO  com.i2i.Client - MSISDN: 05398849442
11:14:50 [main] WARN  com.i2i.Client - Location: TURKEY
11:14:50 [main] ERROR com.i2i.Client - Service: SMS
11:14:50 [main] FATAL com.i2i.Client - Amount: 1
11:14:50 [main] INFO  com.i2i.Client - MSISDN: 05398849442
11:14:50 [main] WARN  com.i2i.Client - Location: OTHER
11:14:50 [main] ERROR com.i2i.Client - Service: DATA
11:14:50 [main] FATAL com.i2i.Client - Amount: 116728636
11:14:51 [main] INFO  com.i2i.Client - MSISDN: 05398849442
11:14:51 [main] WARN  com.i2i.Client - Location: TURKEY
11:14:51 [main] ERROR com.i2i.Client - Service: SMS
11:14:51 [main] FATAL com.i2i.Client - Amount: 1
11:14:52 [main] INFO  com.i2i.Client - MSISDN: 05398849442
11:14:52 [main] WARN  com.i2i.Client - Location: TURKEY
11:14:52 [main] ERROR com.i2i.Client - Service: VOICE
11:14:52 [main] FATAL com.i2i.Client - Amount: 1292
11:14:54 [main] INFO  com.i2i.Client - MSISDN: 05398849442
11:14:54 [main] WARN  com.i2i.Client - Location: TURKEY
11:14:54 [main] ERROR com.i2i.Client - Service: VOICE
11:14:54 [main] FATAL com.i2i.Client - Amount: 2479
11:14:55 [main] INFO  com.i2i.Client - MSISDN: 05398849442
11:14:55 [main] WARN  com.i2i.Client - Location: TURKEY
11:14:55 [main] ERROR com.i2i.Client - Service: SMS
11:14:55 [main] FATAL com.i2i.Client - Amount: 1
11:14:55 [main] INFO  com.i2i.Client - MSISDN: 05398849442
11:14:55 [main] WARN  com.i2i.Client - Location: TURKEY
11:14:55 [main] ERROR com.i2i.Client - Service: DATA
11:14:55 [main] FATAL com.i2i.Client - Amount: 612281432
11:14:56 [main] INFO  com.i2i.Client - MSISDN: 05398849442
11:14:56 [main] WARN  com.i2i.Client - Location: MIDDLEEAST
11:14:56 [main] ERROR com.i2i.Client - Service: DATA
11:14:56 [main] FATAL com.i2i.Client - Amount: 5603346
11:14:56 [main] INFO  com.i2i.Client - MSISDN: 05398849442
11:14:56 [main] WARN  com.i2i.Client - Location: TURKEY
11:14:56 [main] ERROR com.i2i.Client - Service: DATA
11:14:56 [main] FATAL com.i2i.Client - Amount: 105571787
11:14:56 [main] INFO  com.i2i.Client - MSISDN: 05398849442
11:14:56 [main] WARN  com.i2i.Client - Location: RUSSIA
11:14:56 [main] ERROR com.i2i.Client - Service: VOICE
11:14:56 [main] FATAL com.i2i.Client - Amount: 3406
11:14:57 [main] INFO  com.i2i.Client - MSISDN: 05398849442
11:14:57 [main] WARN  com.i2i.Client - Location: OTHER
11:14:57 [main] ERROR com.i2i.Client - Service: VOICE
11:14:57 [main] FATAL com.i2i.Client - Amount: 2546
