10:48:10 [main] INFO  com.i2i.Client - MSISDN: 05398849442
10:48:10 [main] WARN  com.i2i.Client - Location: RUSSIA
10:48:10 [main] ERROR com.i2i.Client - Service: SMS
10:48:10 [main] FATAL com.i2i.Client - Amount: 1
10:48:11 [main] INFO  com.i2i.Client - MSISDN: 05398849442
10:48:11 [main] WARN  com.i2i.Client - Location: TURKEY
10:48:11 [main] ERROR com.i2i.Client - Service: VOICE
10:48:11 [main] FATAL com.i2i.Client - Amount: 989
10:48:18 [main] INFO  com.i2i.Client - MSISDN: 05398849442
10:48:18 [main] WARN  com.i2i.Client - Location: TURKEY
10:48:18 [main] ERROR com.i2i.Client - Service: SMS
10:48:18 [main] FATAL com.i2i.Client - Amount: 1
10:48:19 [main] INFO  com.i2i.Client - MSISDN: 05398849442
10:48:19 [main] WARN  com.i2i.Client - Location: MIDDLEEAST
10:48:19 [main] ERROR com.i2i.Client - Service: VOICE
10:48:19 [main] FATAL com.i2i.Client - Amount: 2984
10:48:19 [main] INFO  com.i2i.Client - MSISDN: 05398849442
10:48:19 [main] WARN  com.i2i.Client - Location: TURKEY
10:48:19 [main] ERROR com.i2i.Client - Service: VOICE
10:48:19 [main] FATAL com.i2i.Client - Amount: 2837
10:48:20 [main] INFO  com.i2i.Client - MSISDN: 05398849442
10:48:20 [main] WARN  com.i2i.Client - Location: TURKEY
10:48:20 [main] ERROR com.i2i.Client - Service: VOICE
10:48:20 [main] FATAL com.i2i.Client - Amount: 1551
10:48:20 [main] INFO  com.i2i.Client - MSISDN: 05398849442
10:48:20 [main] WARN  com.i2i.Client - Location: TURKEY
10:48:20 [main] ERROR com.i2i.Client - Service: VOICE
10:48:20 [main] FATAL com.i2i.Client - Amount: 1693
10:48:21 [main] INFO  com.i2i.Client - MSISDN: 05398849442
10:48:21 [main] WARN  com.i2i.Client - Location: TURKEY
10:48:21 [main] ERROR com.i2i.Client - Service: VOICE
10:48:21 [main] FATAL com.i2i.Client - Amount: 2205
10:48:22 [main] INFO  com.i2i.Client - MSISDN: 05398849442
10:48:22 [main] WARN  com.i2i.Client - Location: EUROPE
10:48:22 [main] ERROR com.i2i.Client - Service: SMS
10:48:22 [main] FATAL com.i2i.Client - Amount: 1
10:48:24 [main] INFO  com.i2i.Client - MSISDN: 05398849442
10:48:24 [main] WARN  com.i2i.Client - Location: NORTHAMERICA
10:48:24 [main] ERROR com.i2i.Client - Service: SMS
10:48:24 [main] FATAL com.i2i.Client - Amount: 1
10:48:25 [main] INFO  com.i2i.Client - MSISDN: 05398849442
10:48:25 [main] WARN  com.i2i.Client - Location: TURKEY
10:48:25 [main] ERROR com.i2i.Client - Service: DATA
10:48:25 [main] FATAL com.i2i.Client - Amount: 381490115
10:48:26 [main] INFO  com.i2i.Client - MSISDN: 05398849442
10:48:26 [main] WARN  com.i2i.Client - Location: OTHER
10:48:26 [main] ERROR com.i2i.Client - Service: SMS
10:48:26 [main] FATAL com.i2i.Client - Amount: 1
10:48:27 [main] INFO  com.i2i.Client - MSISDN: 05398849442
10:48:27 [main] WARN  com.i2i.Client - Location: TURKEY
10:48:27 [main] ERROR com.i2i.Client - Service: VOICE
10:48:27 [main] FATAL com.i2i.Client - Amount: 2316
10:48:28 [main] INFO  com.i2i.Client - MSISDN: 05398849442
10:48:28 [main] WARN  com.i2i.Client - Location: RUSSIA
10:48:28 [main] ERROR com.i2i.Client - Service: DATA
10:48:28 [main] FATAL com.i2i.Client - Amount: 728219251
10:48:28 [main] INFO  com.i2i.Client - MSISDN: 05398849442
10:48:28 [main] WARN  com.i2i.Client - Location: EUROPE
10:48:28 [main] ERROR com.i2i.Client - Service: VOICE
10:48:28 [main] FATAL com.i2i.Client - Amount: 2064
10:48:29 [main] INFO  com.i2i.Client - MSISDN: 05398849442
10:48:29 [main] WARN  com.i2i.Client - Location: TURKEY
10:48:29 [main] ERROR com.i2i.Client - Service: DATA
10:48:29 [main] FATAL com.i2i.Client - Amount: 1165368904
10:48:31 [main] INFO  com.i2i.Client - MSISDN: 05398849442
10:48:31 [main] WARN  com.i2i.Client - Location: TURKEY
10:48:31 [main] ERROR com.i2i.Client - Service: DATA
10:48:31 [main] FATAL com.i2i.Client - Amount: 959106352
10:48:31 [main] INFO  com.i2i.Client - MSISDN: 05398849442
10:48:31 [main] WARN  com.i2i.Client - Location: TURKEY
10:48:31 [main] ERROR com.i2i.Client - Service: DATA
10:48:31 [main] FATAL com.i2i.Client - Amount: 1042008099
10:48:32 [main] INFO  com.i2i.Client - MSISDN: 05398849442
10:48:32 [main] WARN  com.i2i.Client - Location: EUROPE
10:48:32 [main] ERROR com.i2i.Client - Service: VOICE
10:48:32 [main] FATAL com.i2i.Client - Amount: 3181
10:48:32 [main] INFO  com.i2i.Client - MSISDN: 05398849442
10:48:32 [main] WARN  com.i2i.Client - Location: TURKEY
10:48:32 [main] ERROR com.i2i.Client - Service: VOICE
10:48:32 [main] FATAL com.i2i.Client - Amount: 215
10:48:35 [main] INFO  com.i2i.Client - MSISDN: 05398849442
10:48:35 [main] WARN  com.i2i.Client - Location: EUROPE
10:48:35 [main] ERROR com.i2i.Client - Service: VOICE
10:48:35 [main] FATAL com.i2i.Client - Amount: 2138
10:48:38 [main] INFO  com.i2i.Client - MSISDN: 05398849442
10:48:38 [main] WARN  com.i2i.Client - Location: TURKEY
10:48:38 [main] ERROR com.i2i.Client - Service: VOICE
10:48:38 [main] FATAL com.i2i.Client - Amount: 1830
10:48:39 [main] INFO  com.i2i.Client - MSISDN: 05398849442
10:48:39 [main] WARN  com.i2i.Client - Location: TURKEY
10:48:39 [main] ERROR com.i2i.Client - Service: SMS
10:48:39 [main] FATAL com.i2i.Client - Amount: 1
10:48:39 [main] INFO  com.i2i.Client - MSISDN: 05398849442
10:48:39 [main] WARN  com.i2i.Client - Location: TURKEY
10:48:39 [main] ERROR com.i2i.Client - Service: DATA
10:48:39 [main] FATAL com.i2i.Client - Amount: 1122905969
10:48:39 [main] INFO  com.i2i.Client - MSISDN: 05398849442
10:48:39 [main] WARN  com.i2i.Client - Location: TURKEY
10:48:39 [main] ERROR com.i2i.Client - Service: SMS
10:48:39 [main] FATAL com.i2i.Client - Amount: 1
10:48:40 [main] INFO  com.i2i.Client - MSISDN: 05398849442
10:48:40 [main] WARN  com.i2i.Client - Location: TURKEY
10:48:40 [main] ERROR com.i2i.Client - Service: SMS
10:48:40 [main] FATAL com.i2i.Client - Amount: 1
10:48:40 [main] INFO  com.i2i.Client - MSISDN: 05398849442
10:48:40 [main] WARN  com.i2i.Client - Location: TURKEY
10:48:40 [main] ERROR com.i2i.Client - Service: VOICE
10:48:40 [main] FATAL com.i2i.Client - Amount: 2895
10:48:40 [main] INFO  com.i2i.Client - MSISDN: 05398849442
10:48:40 [main] WARN  com.i2i.Client - Location: MIDDLEEAST
10:48:40 [main] ERROR com.i2i.Client - Service: DATA
10:48:40 [main] FATAL com.i2i.Client - Amount: 1090816541
10:48:41 [main] INFO  com.i2i.Client - MSISDN: 05398849442
10:48:41 [main] WARN  com.i2i.Client - Location: TURKEY
10:48:41 [main] ERROR com.i2i.Client - Service: SMS
10:48:41 [main] FATAL com.i2i.Client - Amount: 1
10:48:42 [main] INFO  com.i2i.Client - MSISDN: 05398849442
10:48:42 [main] WARN  com.i2i.Client - Location: MIDDLEEAST
10:48:42 [main] ERROR com.i2i.Client - Service: VOICE
10:48:42 [main] FATAL com.i2i.Client - Amount: 1965
10:48:42 [main] INFO  com.i2i.Client - MSISDN: 05398849442
10:48:42 [main] WARN  com.i2i.Client - Location: TURKEY
10:48:42 [main] ERROR com.i2i.Client - Service: SMS
10:48:42 [main] FATAL com.i2i.Client - Amount: 1
10:48:42 [main] INFO  com.i2i.Client - MSISDN: 05398849442
10:48:42 [main] WARN  com.i2i.Client - Location: TURKEY
10:48:42 [main] ERROR com.i2i.Client - Service: VOICE
10:48:42 [main] FATAL com.i2i.Client - Amount: 3134
10:48:43 [main] INFO  com.i2i.Client - MSISDN: 05398849442
10:48:43 [main] WARN  com.i2i.Client - Location: TURKEY
10:48:43 [main] ERROR com.i2i.Client - Service: SMS
10:48:43 [main] FATAL com.i2i.Client - Amount: 1
10:48:43 [main] INFO  com.i2i.Client - MSISDN: 05398849442
10:48:43 [main] WARN  com.i2i.Client - Location: TURKEY
10:48:43 [main] ERROR com.i2i.Client - Service: DATA
10:48:43 [main] FATAL com.i2i.Client - Amount: 156141357
10:48:43 [main] INFO  com.i2i.Client - MSISDN: 05398849442
10:48:43 [main] WARN  com.i2i.Client - Location: OTHER
10:48:43 [main] ERROR com.i2i.Client - Service: DATA
10:48:43 [main] FATAL com.i2i.Client - Amount: 731949837
10:48:45 [main] INFO  com.i2i.Client - MSISDN: 05398849442
10:48:45 [main] WARN  com.i2i.Client - Location: TURKEY
10:48:45 [main] ERROR com.i2i.Client - Service: SMS
10:48:45 [main] FATAL com.i2i.Client - Amount: 1
10:48:45 [main] INFO  com.i2i.Client - MSISDN: 05398849442
10:48:45 [main] WARN  com.i2i.Client - Location: TURKEY
10:48:45 [main] ERROR com.i2i.Client - Service: SMS
10:48:45 [main] FATAL com.i2i.Client - Amount: 1
10:48:47 [main] INFO  com.i2i.Client - MSISDN: 05398849442
10:48:47 [main] WARN  com.i2i.Client - Location: TURKEY
10:48:47 [main] ERROR com.i2i.Client - Service: VOICE
10:48:47 [main] FATAL com.i2i.Client - Amount: 2484
10:48:49 [main] INFO  com.i2i.Client - MSISDN: 05398849442
10:48:49 [main] WARN  com.i2i.Client - Location: OTHER
10:48:49 [main] ERROR com.i2i.Client - Service: DATA
10:48:49 [main] FATAL com.i2i.Client - Amount: 1113162720
10:48:51 [main] INFO  com.i2i.Client - MSISDN: 05398849442
10:48:51 [main] WARN  com.i2i.Client - Location: TURKEY
10:48:51 [main] ERROR com.i2i.Client - Service: SMS
10:48:51 [main] FATAL com.i2i.Client - Amount: 1
10:48:51 [main] INFO  com.i2i.Client - MSISDN: 05398849442
10:48:51 [main] WARN  com.i2i.Client - Location: TURKEY
10:48:51 [main] ERROR com.i2i.Client - Service: SMS
10:48:51 [main] FATAL com.i2i.Client - Amount: 1
10:48:51 [main] INFO  com.i2i.Client - MSISDN: 05398849442
10:48:51 [main] WARN  com.i2i.Client - Location: TURKEY
10:48:51 [main] ERROR com.i2i.Client - Service: DATA
10:48:51 [main] FATAL com.i2i.Client - Amount: 394548786
10:48:52 [main] INFO  com.i2i.Client - MSISDN: 05398849442
10:48:52 [main] WARN  com.i2i.Client - Location: OTHER
10:48:52 [main] ERROR com.i2i.Client - Service: VOICE
10:48:52 [main] FATAL com.i2i.Client - Amount: 1902
10:48:52 [main] INFO  com.i2i.Client - MSISDN: 05398849442
10:48:52 [main] WARN  com.i2i.Client - Location: TURKEY
10:48:52 [main] ERROR com.i2i.Client - Service: VOICE
10:48:52 [main] FATAL com.i2i.Client - Amount: 2450
10:48:53 [main] INFO  com.i2i.Client - MSISDN: 05398849442
10:48:53 [main] WARN  com.i2i.Client - Location: TURKEY
10:48:53 [main] ERROR com.i2i.Client - Service: SMS
10:48:53 [main] FATAL com.i2i.Client - Amount: 1
10:48:53 [main] INFO  com.i2i.Client - MSISDN: 05398849442
10:48:53 [main] WARN  com.i2i.Client - Location: NORTHAMERICA
10:48:53 [main] ERROR com.i2i.Client - Service: SMS
10:48:53 [main] FATAL com.i2i.Client - Amount: 1
10:48:57 [main] INFO  com.i2i.Client - MSISDN: 05398849442
10:48:57 [main] WARN  com.i2i.Client - Location: OTHER
10:48:57 [main] ERROR com.i2i.Client - Service: SMS
10:48:57 [main] FATAL com.i2i.Client - Amount: 1
10:48:57 [main] INFO  com.i2i.Client - MSISDN: 05398849442
10:48:57 [main] WARN  com.i2i.Client - Location: TURKEY
10:48:57 [main] ERROR com.i2i.Client - Service: SMS
10:48:57 [main] FATAL com.i2i.Client - Amount: 1
10:48:57 [main] INFO  com.i2i.Client - MSISDN: 05398849442
10:48:57 [main] WARN  com.i2i.Client - Location: TURKEY
10:48:57 [main] ERROR com.i2i.Client - Service: SMS
10:48:57 [main] FATAL com.i2i.Client - Amount: 1
10:48:58 [main] INFO  com.i2i.Client - MSISDN: 05398849442
10:48:58 [main] WARN  com.i2i.Client - Location: EUROPE
10:48:58 [main] ERROR com.i2i.Client - Service: DATA
10:48:58 [main] FATAL com.i2i.Client - Amount: 431758084
10:48:58 [main] INFO  com.i2i.Client - MSISDN: 05398849442
10:48:58 [main] WARN  com.i2i.Client - Location: TURKEY
10:48:58 [main] ERROR com.i2i.Client - Service: VOICE
10:48:58 [main] FATAL com.i2i.Client - Amount: 1530
