10:47:49 [main] INFO  com.i2i.Client - MSISDN: 05398849442
10:47:49 [main] WARN  com.i2i.Client - Location: TURKEY
10:47:49 [main] ERROR com.i2i.Client - Service: VOICE
10:47:49 [main] FATAL com.i2i.Client - Amount: 1413
10:47:49 [main] INFO  com.i2i.Client - MSISDN: 05398849442
10:47:49 [main] WARN  com.i2i.Client - Location: NORTHAMERICA
10:47:49 [main] ERROR com.i2i.Client - Service: DATA
10:47:49 [main] FATAL com.i2i.Client - Amount: 892424243
10:47:50 [main] INFO  com.i2i.Client - MSISDN: 05398849442
10:47:50 [main] WARN  com.i2i.Client - Location: TURKEY
10:47:50 [main] ERROR com.i2i.Client - Service: VOICE
10:47:50 [main] FATAL com.i2i.Client - Amount: 3015
10:47:50 [main] INFO  com.i2i.Client - MSISDN: 05398849442
10:47:50 [main] WARN  com.i2i.Client - Location: TURKEY
10:47:50 [main] ERROR com.i2i.Client - Service: VOICE
10:47:50 [main] FATAL com.i2i.Client - Amount: 91
10:47:50 [main] INFO  com.i2i.Client - MSISDN: 05398849442
10:47:50 [main] WARN  com.i2i.Client - Location: TURKEY
10:47:50 [main] ERROR com.i2i.Client - Service: VOICE
10:47:50 [main] FATAL com.i2i.Client - Amount: 1018
10:47:51 [main] INFO  com.i2i.Client - MSISDN: 05398849442
10:47:51 [main] WARN  com.i2i.Client - Location: TURKEY
10:47:51 [main] ERROR com.i2i.Client - Service: DATA
10:47:51 [main] FATAL com.i2i.Client - Amount: 303988187
10:47:52 [main] INFO  com.i2i.Client - MSISDN: 05398849442
10:47:52 [main] WARN  com.i2i.Client - Location: NORTHAMERICA
10:47:52 [main] ERROR com.i2i.Client - Service: DATA
10:47:52 [main] FATAL com.i2i.Client - Amount: 454674297
10:47:52 [main] INFO  com.i2i.Client - MSISDN: 05398849442
10:47:52 [main] WARN  com.i2i.Client - Location: TURKEY
10:47:52 [main] ERROR com.i2i.Client - Service: DATA
10:47:52 [main] FATAL com.i2i.Client - Amount: 480111107
10:47:53 [main] INFO  com.i2i.Client - MSISDN: 05398849442
10:47:53 [main] WARN  com.i2i.Client - Location: RUSSIA
10:47:53 [main] ERROR com.i2i.Client - Service: DATA
10:47:53 [main] FATAL com.i2i.Client - Amount: 1172988144
10:47:53 [main] INFO  com.i2i.Client - MSISDN: 05398849442
10:47:53 [main] WARN  com.i2i.Client - Location: TURKEY
10:47:53 [main] ERROR com.i2i.Client - Service: DATA
10:47:53 [main] FATAL com.i2i.Client - Amount: 218481179
10:47:53 [main] INFO  com.i2i.Client - MSISDN: 05398849442
10:47:53 [main] WARN  com.i2i.Client - Location: TURKEY
10:47:53 [main] ERROR com.i2i.Client - Service: DATA
10:47:53 [main] FATAL com.i2i.Client - Amount: 181002524
10:47:53 [main] INFO  com.i2i.Client - MSISDN: 05398849442
10:47:53 [main] WARN  com.i2i.Client - Location: MIDDLEEAST
10:47:53 [main] ERROR com.i2i.Client - Service: VOICE
10:47:53 [main] FATAL com.i2i.Client - Amount: 62
