10:43:09 [main] INFO  com.i2i.Client - MSISDN: 05398849442
10:43:09 [main] WARN  com.i2i.Client - Location: TURKEY
10:43:09 [main] ERROR com.i2i.Client - Service: VOICE
10:43:09 [main] FATAL com.i2i.Client - Amount: 1861
10:43:09 [main] INFO  com.i2i.Client - MSISDN: 05398849442
10:43:09 [main] WARN  com.i2i.Client - Location: RUSSIA
10:43:09 [main] ERROR com.i2i.Client - Service: DATA
10:43:09 [main] FATAL com.i2i.Client - Amount: 1121775754
10:43:10 [main] INFO  com.i2i.Client - MSISDN: 05398849442
10:43:10 [main] WARN  com.i2i.Client - Location: TURKEY
10:43:10 [main] ERROR com.i2i.Client - Service: DATA
10:43:10 [main] FATAL com.i2i.Client - Amount: 84136980
10:43:11 [main] INFO  com.i2i.Client - MSISDN: 05398849442
10:43:11 [main] WARN  com.i2i.Client - Location: OTHER
10:43:11 [main] ERROR com.i2i.Client - Service: VOICE
10:43:11 [main] FATAL com.i2i.Client - Amount: 1050
10:43:11 [main] INFO  com.i2i.Client - MSISDN: 05398849442
10:43:11 [main] WARN  com.i2i.Client - Location: TURKEY
10:43:11 [main] ERROR com.i2i.Client - Service: SMS
10:43:11 [main] FATAL com.i2i.Client - Amount: 1
10:43:11 [main] INFO  com.i2i.Client - MSISDN: 05398849442
10:43:11 [main] WARN  com.i2i.Client - Location: OTHER
10:43:11 [main] ERROR com.i2i.Client - Service: SMS
10:43:11 [main] FATAL com.i2i.Client - Amount: 1
10:43:11 [main] INFO  com.i2i.Client - MSISDN: 05398849442
10:43:11 [main] WARN  com.i2i.Client - Location: TURKEY
10:43:11 [main] ERROR com.i2i.Client - Service: VOICE
10:43:11 [main] FATAL com.i2i.Client - Amount: 3409
10:43:13 [main] INFO  com.i2i.Client - MSISDN: 05398849442
10:43:13 [main] WARN  com.i2i.Client - Location: TURKEY
10:43:13 [main] ERROR com.i2i.Client - Service: VOICE
10:43:13 [main] FATAL com.i2i.Client - Amount: 239
10:43:13 [main] INFO  com.i2i.Client - MSISDN: 05398849442
10:43:13 [main] WARN  com.i2i.Client - Location: TURKEY
10:43:13 [main] ERROR com.i2i.Client - Service: SMS
10:43:13 [main] FATAL com.i2i.Client - Amount: 1
10:43:14 [main] INFO  com.i2i.Client - MSISDN: 05398849442
10:43:14 [main] WARN  com.i2i.Client - Location: NORTHAMERICA
10:43:14 [main] ERROR com.i2i.Client - Service: SMS
10:43:14 [main] FATAL com.i2i.Client - Amount: 1
10:43:17 [main] INFO  com.i2i.Client - MSISDN: 05398849442
10:43:17 [main] WARN  com.i2i.Client - Location: TURKEY
10:43:17 [main] ERROR com.i2i.Client - Service: VOICE
10:43:17 [main] FATAL com.i2i.Client - Amount: 3239
10:43:17 [main] INFO  com.i2i.Client - MSISDN: 05398849442
10:43:17 [main] WARN  com.i2i.Client - Location: TURKEY
10:43:17 [main] ERROR com.i2i.Client - Service: VOICE
10:43:17 [main] FATAL com.i2i.Client - Amount: 1191
10:43:17 [main] INFO  com.i2i.Client - MSISDN: 05398849442
10:43:17 [main] WARN  com.i2i.Client - Location: TURKEY
10:43:17 [main] ERROR com.i2i.Client - Service: DATA
10:43:17 [main] FATAL com.i2i.Client - Amount: 978954083
10:43:18 [main] INFO  com.i2i.Client - MSISDN: 05398849442
10:43:18 [main] WARN  com.i2i.Client - Location: EUROPE
10:43:18 [main] ERROR com.i2i.Client - Service: SMS
10:43:18 [main] FATAL com.i2i.Client - Amount: 1
10:43:19 [main] INFO  com.i2i.Client - MSISDN: 05398849442
10:43:19 [main] WARN  com.i2i.Client - Location: TURKEY
10:43:19 [main] ERROR com.i2i.Client - Service: DATA
10:43:19 [main] FATAL com.i2i.Client - Amount: 1049729810
10:43:20 [main] INFO  com.i2i.Client - MSISDN: 05398849442
10:43:20 [main] WARN  com.i2i.Client - Location: TURKEY
10:43:20 [main] ERROR com.i2i.Client - Service: VOICE
10:43:20 [main] FATAL com.i2i.Client - Amount: 2808
10:43:21 [main] INFO  com.i2i.Client - MSISDN: 05398849442
10:43:21 [main] WARN  com.i2i.Client - Location: NORTHERNCYPRUS
10:43:21 [main] ERROR com.i2i.Client - Service: VOICE
10:43:21 [main] FATAL com.i2i.Client - Amount: 1214
10:43:23 [main] INFO  com.i2i.Client - MSISDN: 05398849442
10:43:23 [main] WARN  com.i2i.Client - Location: TURKEY
10:43:23 [main] ERROR com.i2i.Client - Service: DATA
10:43:23 [main] FATAL com.i2i.Client - Amount: 1270090588
