2022-08-16 13:57:46,475 INFO c.m.ProducerMethod [main] Producer created.
2022-08-16 13:57:47,153 INFO c.m.usageMessageSerializer [main] Serializing...
2022-08-16 13:58:08,616 INFO c.m.ProducerMethod [main] Message Send
2022-08-16 15:21:45,756 INFO c.m.ConsumerMethod [main] No message to read
2022-08-16 15:21:46,768 INFO c.m.ConsumerMethod [main] No message to read
2022-08-16 15:21:47,778 INFO c.m.ConsumerMethod [main] No message to read
2022-08-16 15:21:48,786 INFO c.m.ConsumerMethod [main] No message to read
2022-08-16 15:21:49,127 INFO c.m.ConsumerMethod [main] Message received
2022-08-16 15:21:49,128 INFO c.m.ConsumerMethod [main] ConsumerRecord(topic = eyeCell, partition = 0, leaderEpoch = 9, offset = 13, CreateTime = 1660648995435, serialized key size = -1, serialized value size = 61, headers = RecordHeaders(headers = [], isReadOnly = false), key = null, value = {"msisdn":"23424324234","usedAmount":123,"usedService":"sms"})
2022-08-16 15:21:50,143 INFO c.m.ConsumerMethod [main] No message to read
2022-08-16 15:21:51,156 INFO c.m.ConsumerMethod [main] No message to read
2022-08-16 15:21:52,172 INFO c.m.ConsumerMethod [main] No message to read
2022-08-16 15:21:53,188 INFO c.m.ConsumerMethod [main] No message to read
2022-08-16 15:21:54,191 INFO c.m.ConsumerMethod [main] No message to read
2022-08-16 15:21:55,201 INFO c.m.ConsumerMethod [main] No message to read
2022-08-17 17:23:37,575 INFO c.i.i.e.k.m.ConsumerMethod [main] No message to read
2022-08-17 17:23:38,582 INFO c.i.i.e.k.m.ConsumerMethod [main] No message to read
2022-08-17 17:23:39,597 INFO c.i.i.e.k.m.ConsumerMethod [main] No message to read
2022-08-17 17:23:40,602 INFO c.i.i.e.k.m.ConsumerMethod [main] No message to read
2022-08-17 17:23:41,603 INFO c.i.i.e.k.m.ConsumerMethod [main] No message to read
2022-08-17 17:23:41,661 INFO c.i.i.e.k.m.UsageMessageDeserializer [main] Deserializing...
2022-08-17 17:23:41,725 INFO c.i.i.e.k.m.ConsumerMethod [main] Message received
2022-08-17 17:23:41,725 INFO c.i.i.e.k.m.ConsumerMethod [main] ConsumerRecord(topic = eyeCell, partition = 0, leaderEpoch = 9, offset = 24, CreateTime = 1660742970983, serialized key size = -1, serialized value size = 62, headers = RecordHeaders(headers = [], isReadOnly = false), key = null, value = MSISDN:1234569877, Used Amount: 555, Used Service: voice)
2022-08-17 17:23:42,742 INFO c.i.i.e.k.m.ConsumerMethod [main] No message to read
2022-08-17 17:23:43,756 INFO c.i.i.e.k.m.ConsumerMethod [main] No message to read
2022-08-17 17:23:44,771 INFO c.i.i.e.k.m.ConsumerMethod [main] No message to read
2022-08-17 17:23:45,786 INFO c.i.i.e.k.m.ConsumerMethod [main] No message to read
2022-08-17 17:23:46,793 INFO c.i.i.e.k.m.ConsumerMethod [main] No message to read
2022-08-17 18:46:44,007 INFO c.i.i.e.k.m.ProducerMethod [main] Producer created.
2022-08-17 18:46:45,038 INFO c.i.i.e.k.m.UsageMessageSerializer [main] Serializing...
2022-08-17 18:46:45,427 INFO c.i.i.e.k.m.ProducerMethod [main] Message Send
2022-08-17 18:47:01,491 INFO c.i.i.e.k.m.ConsumerMethod [main] No message to read
2022-08-17 18:47:02,505 INFO c.i.i.e.k.m.ConsumerMethod [main] No message to read
2022-08-17 18:47:03,516 INFO c.i.i.e.k.m.ConsumerMethod [main] No message to read
2022-08-17 18:47:04,525 INFO c.i.i.e.k.m.ConsumerMethod [main] No message to read
2022-08-17 18:47:05,534 INFO c.i.i.e.k.m.ConsumerMethod [main] No message to read
2022-08-17 18:47:06,544 INFO c.i.i.e.k.m.ConsumerMethod [main] No message to read
2022-08-17 18:47:07,550 INFO c.i.i.e.k.m.ConsumerMethod [main] No message to read
2022-08-17 18:47:08,553 INFO c.i.i.e.k.m.ConsumerMethod [main] No message to read
2022-08-17 18:47:09,566 INFO c.i.i.e.k.m.ConsumerMethod [main] No message to read
2022-08-17 18:47:10,571 INFO c.i.i.e.k.m.ConsumerMethod [main] No message to read
2022-08-17 18:47:11,582 INFO c.i.i.e.k.m.ConsumerMethod [main] No message to read
2022-08-17 18:47:12,586 INFO c.i.i.e.k.m.ConsumerMethod [main] No message to read
2022-08-17 18:47:13,590 INFO c.i.i.e.k.m.ConsumerMethod [main] No message to read
2022-08-17 18:47:13,946 INFO c.i.i.e.k.m.UsageMessageDeserializer [main] Deserializing...
2022-08-17 18:47:14,172 INFO c.i.i.e.k.m.ConsumerMethod [main] Message received
2022-08-17 18:47:14,172 INFO c.i.i.e.k.m.ConsumerMethod [main] ConsumerRecord(topic = eyeCell, partition = 0, leaderEpoch = 9, offset = 26, CreateTime = 1660751205037, serialized key size = -1, serialized value size = 87, headers = RecordHeaders(headers = [], isReadOnly = false), key = null, value = MSISDN:5350857286, Used Amount: 5, Used Service: Voice)
2022-08-17 18:47:15,181 INFO c.i.i.e.k.m.ConsumerMethod [main] No message to read
2022-08-17 18:47:16,194 INFO c.i.i.e.k.m.ConsumerMethod [main] No message to read
2022-08-17 18:47:17,211 INFO c.i.i.e.k.m.ConsumerMethod [main] No message to read
2022-08-17 18:47:18,224 INFO c.i.i.e.k.m.ConsumerMethod [main] No message to read
2022-08-17 18:47:19,230 INFO c.i.i.e.k.m.ConsumerMethod [main] No message to read
